[1/120] symbolic mlp lam2=0e+00 seed=0 val=0.0065 sp=0.946 t=2.5s
[2/120] symbolic mlp lam2=0e+00 seed=1 val=0.0057 sp=0.948 t=1.8s
[3/120] symbolic mlp lam2=0e+00 seed=2 val=0.0086 sp=0.952 t=1.8s
[4/120] symbolic mlp lam2=0e+00 seed=3 val=0.0130 sp=0.950 t=1.8s
[5/120] symbolic mlp lam2=0e+00 seed=4 val=0.0062 sp=0.948 t=1.8s
[6/120] symbolic mlp lam2=1e-06 seed=0 val=0.0065 sp=0.946 t=1.8s
[7/120] symbolic mlp lam2=1e-06 seed=1 val=0.0057 sp=0.948 t=1.8s
[8/120] symbolic mlp lam2=1e-06 seed=2 val=0.0086 sp=0.952 t=1.8s
[9/120] symbolic mlp lam2=1e-06 seed=3 val=0.0130 sp=0.950 t=1.8s
[10/120] symbolic mlp lam2=1e-06 seed=4 val=0.0062 sp=0.948 t=1.8s
[11/120] symbolic mlp lam2=1e-05 seed=0 val=0.0065 sp=0.946 t=1.8s
[12/120] symbolic mlp lam2=1e-05 seed=1 val=0.0057 sp=0.948 t=1.8s
[13/120] symbolic mlp lam2=1e-05 seed=2 val=0.0086 sp=0.952 t=1.8s
[14/120] symbolic mlp lam2=1e-05 seed=3 val=0.0130 sp=0.950 t=1.8s
[15/120] symbolic mlp lam2=1e-05 seed=4 val=0.0062 sp=0.948 t=1.8s
[16/120] symbolic mlp lam2=1e-04 seed=0 val=0.0065 sp=0.946 t=1.8s
[17/120] symbolic mlp lam2=1e-04 seed=1 val=0.0057 sp=0.948 t=1.8s
[18/120] symbolic mlp lam2=1e-04 seed=2 val=0.0086 sp=0.952 t=1.8s
[19/120] symbolic mlp lam2=1e-04 seed=3 val=0.0130 sp=0.950 t=1.8s
[20/120] symbolic mlp lam2=1e-04 seed=4 val=0.0062 sp=0.948 t=1.8s
[21/120] symbolic kan lam2=0e+00 seed=0 val=0.0021 sp=0.962 t=4.9s
[22/120] symbolic kan lam2=0e+00 seed=1 val=0.0011 sp=0.964 t=4.9s
[23/120] symbolic kan lam2=0e+00 seed=2 val=0.0015 sp=0.964 t=5.0s
[24/120] symbolic kan lam2=0e+00 seed=3 val=0.0063 sp=0.967 t=4.9s
[25/120] symbolic kan lam2=0e+00 seed=4 val=0.0015 sp=0.961 t=4.9s
[26/120] symbolic kan lam2=1e-06 seed=0 val=0.0017 sp=0.963 t=5.0s
[27/120] symbolic kan lam2=1e-06 seed=1 val=0.0016 sp=0.962 t=5.1s
[28/120] symbolic kan lam2=1e-06 seed=2 val=0.0016 sp=0.967 t=5.0s
[29/120] symbolic kan lam2=1e-06 seed=3 val=0.0041 sp=0.969 t=5.0s
[30/120] symbolic kan lam2=1e-06 seed=4 val=0.0021 sp=0.968 t=5.0s
[31/120] symbolic kan lam2=1e-05 seed=0 val=0.0023 sp=0.962 t=5.0s
[32/120] symbolic kan lam2=1e-05 seed=1 val=0.0010 sp=0.961 t=5.0s
[33/120] symbolic kan lam2=1e-05 seed=2 val=0.0018 sp=0.964 t=5.0s
[34/120] symbolic kan lam2=1e-05 seed=3 val=0.0020 sp=0.961 t=5.1s
[35/120] symbolic kan lam2=1e-05 seed=4 val=0.0013 sp=0.967 t=5.0s
[36/120] symbolic kan lam2=1e-04 seed=0 val=0.0037 sp=0.965 t=5.1s
[37/120] symbolic kan lam2=1e-04 seed=1 val=0.0026 sp=0.964 t=5.1s
[38/120] symbolic kan lam2=1e-04 seed=2 val=0.0025 sp=0.962 t=5.1s
[39/120] symbolic kan lam2=1e-04 seed=3 val=0.0041 sp=0.972 t=5.1s
[40/120] symbolic kan lam2=1e-04 seed=4 val=0.0020 sp=0.972 t=5.1s
[41/120] pde mlp lam2=0e+00 seed=0 val=0.0126 sp=0.963 t=1.8s
[42/120] pde mlp lam2=0e+00 seed=1 val=0.0096 sp=0.966 t=1.8s
[43/120] pde mlp lam2=0e+00 seed=2 val=0.0122 sp=0.969 t=1.8s
[44/120] pde mlp lam2=0e+00 seed=3 val=0.0209 sp=0.967 t=1.8s
[45/120] pde mlp lam2=0e+00 seed=4 val=0.0134 sp=0.962 t=1.8s
[46/120] pde mlp lam2=1e-06 seed=0 val=0.0126 sp=0.963 t=1.9s
[47/120] pde mlp lam2=1e-06 seed=1 val=0.0096 sp=0.966 t=1.8s
[48/120] pde mlp lam2=1e-06 seed=2 val=0.0122 sp=0.969 t=1.9s
[49/120] pde mlp lam2=1e-06 seed=3 val=0.0209 sp=0.967 t=1.8s
[50/120] pde mlp lam2=1e-06 seed=4 val=0.0134 sp=0.962 t=1.8s
[51/120] pde mlp lam2=1e-05 seed=0 val=0.0126 sp=0.963 t=1.8s
[52/120] pde mlp lam2=1e-05 seed=1 val=0.0096 sp=0.966 t=1.8s
[53/120] pde mlp lam2=1e-05 seed=2 val=0.0122 sp=0.969 t=1.8s
[54/120] pde mlp lam2=1e-05 seed=3 val=0.0209 sp=0.967 t=1.8s
[55/120] pde mlp lam2=1e-05 seed=4 val=0.0134 sp=0.962 t=1.8s
[56/120] pde mlp lam2=1e-04 seed=0 val=0.0126 sp=0.963 t=1.8s
[57/120] pde mlp lam2=1e-04 seed=1 val=0.0096 sp=0.966 t=1.9s
[58/120] pde mlp lam2=1e-04 seed=2 val=0.0122 sp=0.969 t=1.8s
[59/120] pde mlp lam2=1e-04 seed=3 val=0.0209 sp=0.967 t=1.8s
[60/120] pde mlp lam2=1e-04 seed=4 val=0.0134 sp=0.962 t=1.8s
[61/120] pde kan lam2=0e+00 seed=0 val=0.0010 sp=0.991 t=4.9s
[62/120] pde kan lam2=0e+00 seed=1 val=0.0008 sp=0.987 t=5.0s
[63/120] pde kan lam2=0e+00 seed=2 val=0.0004 sp=0.993 t=4.9s
[64/120] pde kan lam2=0e+00 seed=3 val=0.0015 sp=0.990 t=4.8s
[65/120] pde kan lam2=0e+00 seed=4 val=0.0006 sp=0.993 t=4.9s
[66/120] pde kan lam2=1e-06 seed=0 val=0.0013 sp=0.989 t=5.0s
[67/120] pde kan lam2=1e-06 seed=1 val=0.0005 sp=0.991 t=4.9s
[68/120] pde kan lam2=1e-06 seed=2 val=0.0004 sp=0.993 t=4.9s
[69/120] pde kan lam2=1e-06 seed=3 val=0.0011 sp=0.990 t=4.9s
[70/120] pde kan lam2=1e-06 seed=4 val=0.0005 sp=0.994 t=4.9s
[71/120] pde kan lam2=1e-05 seed=0 val=0.0056 sp=0.988 t=5.0s
[72/120] pde kan lam2=1e-05 seed=1 val=0.0025 sp=0.987 t=5.0s
[73/120] pde kan lam2=1e-05 seed=2 val=0.0004 sp=0.985 t=4.9s
[74/120] pde kan lam2=1e-05 seed=3 val=0.0014 sp=0.989 t=5.0s
[75/120] pde kan lam2=1e-05 seed=4 val=0.0007 sp=0.993 t=5.0s
[76/120] pde kan lam2=1e-04 seed=0 val=0.0017 sp=0.986 t=5.0s
[77/120] pde kan lam2=1e-04 seed=1 val=0.0005 sp=0.990 t=5.0s
[78/120] pde kan lam2=1e-04 seed=2 val=0.0006 sp=0.991 t=5.0s
[79/120] pde kan lam2=1e-04 seed=3 val=0.0018 sp=0.990 t=4.9s
[80/120] pde kan lam2=1e-04 seed=4 val=0.0009 sp=0.992 t=5.0s
[81/120] parity_online mlp lam2=0e+00 seed=0 val=1.0000 sp=0.738 t=1.1s
[82/120] parity_online mlp lam2=0e+00 seed=1 val=1.0000 sp=0.757 t=1.1s
[83/120] parity_online mlp lam2=0e+00 seed=2 val=1.0000 sp=0.751 t=1.1s
[84/120] parity_online mlp lam2=0e+00 seed=3 val=1.0000 sp=0.772 t=1.1s
[85/120] parity_online mlp lam2=0e+00 seed=4 val=1.0000 sp=0.749 t=1.1s
[86/120] parity_online mlp lam2=1e-06 seed=0 val=1.0000 sp=0.738 t=1.1s
[87/120] parity_online mlp lam2=1e-06 seed=1 val=1.0000 sp=0.757 t=1.1s
[88/120] parity_online mlp lam2=1e-06 seed=2 val=1.0000 sp=0.751 t=1.2s
[89/120] parity_online mlp lam2=1e-06 seed=3 val=1.0000 sp=0.772 t=1.1s
[90/120] parity_online mlp lam2=1e-06 seed=4 val=1.0000 sp=0.749 t=1.2s
[91/120] parity_online mlp lam2=1e-05 seed=0 val=1.0000 sp=0.738 t=1.1s
[92/120] parity_online mlp lam2=1e-05 seed=1 val=1.0000 sp=0.757 t=1.1s
[93/120] parity_online mlp lam2=1e-05 seed=2 val=1.0000 sp=0.751 t=1.2s
[94/120] parity_online mlp lam2=1e-05 seed=3 val=1.0000 sp=0.772 t=1.1s
[95/120] parity_online mlp lam2=1e-05 seed=4 val=1.0000 sp=0.749 t=1.1s
[96/120] parity_online mlp lam2=1e-04 seed=0 val=1.0000 sp=0.738 t=1.1s
[97/120] parity_online mlp lam2=1e-04 seed=1 val=1.0000 sp=0.757 t=1.2s
[98/120] parity_online mlp lam2=1e-04 seed=2 val=1.0000 sp=0.751 t=1.2s
[99/120] parity_online mlp lam2=1e-04 seed=3 val=1.0000 sp=0.772 t=1.2s
[100/120] parity_online mlp lam2=1e-04 seed=4 val=1.0000 sp=0.749 t=1.2s
[101/120] parity_online kan lam2=0e+00 seed=0 val=1.0000 sp=0.996 t=2.6s
[102/120] parity_online kan lam2=0e+00 seed=1 val=1.0000 sp=0.996 t=2.6s
[103/120] parity_online kan lam2=0e+00 seed=2 val=1.0000 sp=0.985 t=2.6s
[104/120] parity_online kan lam2=0e+00 seed=3 val=1.0000 sp=0.987 t=2.6s
[105/120] parity_online kan lam2=0e+00 seed=4 val=1.0000 sp=0.985 t=2.6s
[106/120] parity_online kan lam2=1e-06 seed=0 val=1.0000 sp=0.994 t=2.6s
[107/120] parity_online kan lam2=1e-06 seed=1 val=1.0000 sp=0.981 t=2.6s
[108/120] parity_online kan lam2=1e-06 seed=2 val=1.0000 sp=0.991 t=2.7s
[109/120] parity_online kan lam2=1e-06 seed=3 val=1.0000 sp=0.979 t=2.6s
[110/120] parity_online kan lam2=1e-06 seed=4 val=1.0000 sp=0.987 t=2.6s
[111/120] parity_online kan lam2=1e-05 seed=0 val=1.0000 sp=0.994 t=2.6s
[112/120] parity_online kan lam2=1e-05 seed=1 val=1.0000 sp=0.994 t=2.6s
[113/120] parity_online kan lam2=1e-05 seed=2 val=1.0000 sp=0.994 t=2.6s
[114/120] parity_online kan lam2=1e-05 seed=3 val=1.0000 sp=0.981 t=2.6s
[115/120] parity_online kan lam2=1e-05 seed=4 val=1.0000 sp=0.970 t=2.6s
[116/120] parity_online kan lam2=1e-04 seed=0 val=1.0000 sp=0.989 t=2.6s
[117/120] parity_online kan lam2=1e-04 seed=1 val=1.0000 sp=0.996 t=2.6s
[118/120] parity_online kan lam2=1e-04 seed=2 val=1.0000 sp=0.994 t=2.6s
[119/120] parity_online kan lam2=1e-04 seed=3 val=1.0000 sp=0.979 t=2.6s
[120/120] parity_online kan lam2=1e-04 seed=4 val=1.0000 sp=0.989 t=2.6s

parity_online   kan  lam2=0e+00  mean=1.0000 std=0.0000
parity_online   kan  lam2=1e-06  mean=1.0000 std=0.0000
parity_online   kan  lam2=1e-05  mean=1.0000 std=0.0000
parity_online   kan  lam2=1e-04  mean=1.0000 std=0.0000
parity_online   mlp  lam2=0e+00  mean=1.0000 std=0.0000
parity_online   mlp  lam2=1e-06  mean=1.0000 std=0.0000
parity_online   mlp  lam2=1e-05  mean=1.0000 std=0.0000
parity_online   mlp  lam2=1e-04  mean=1.0000 std=0.0000
pde             kan  lam2=0e+00  mean=0.0009 std=0.0004
pde             kan  lam2=1e-06  mean=0.0008 std=0.0004
pde             kan  lam2=1e-05  mean=0.0021 std=0.0019
pde             kan  lam2=1e-04  mean=0.0011 std=0.0005
pde             mlp  lam2=0e+00  mean=0.0138 std=0.0038
pde             mlp  lam2=1e-06  mean=0.0138 std=0.0038
pde             mlp  lam2=1e-05  mean=0.0138 std=0.0038
pde             mlp  lam2=1e-04  mean=0.0138 std=0.0038
symbolic        kan  lam2=0e+00  mean=0.0025 std=0.0019
symbolic        kan  lam2=1e-06  mean=0.0022 std=0.0010
symbolic        kan  lam2=1e-05  mean=0.0017 std=0.0005
symbolic        kan  lam2=1e-04  mean=0.0030 std=0.0008
symbolic        mlp  lam2=0e+00  mean=0.0080 std=0.0027
symbolic        mlp  lam2=1e-06  mean=0.0080 std=0.0027
symbolic        mlp  lam2=1e-05  mean=0.0080 std=0.0027
symbolic        mlp  lam2=1e-04  mean=0.0080 std=0.0027
